643  [background-preinit] INFO  o.h.validator.internal.util.Version - HV000001: Hibernate Validator 8.0.0.Final
709  [main] INFO  c.e.j.Java3semSpringMvcApplication - Starting Java3semSpringMvcApplication using Java 19 with PID 14420 (C:\Users\max32\IdeaProjects\Java_3sem_spring_mvc\build\classes\java\main started by max32 in C:\Users\max32\IdeaProjects\Java_3sem_spring_mvc)
709  [main] INFO  c.e.j.Java3semSpringMvcApplication - No active profile set, falling back to 1 default profile: "default"
1335 [main] INFO  o.s.d.r.c.RepositoryConfigurationDelegate - Bootstrapping Spring Data JPA repositories in DEFAULT mode.
1381 [main] INFO  o.s.d.r.c.RepositoryConfigurationDelegate - Finished Spring Data repository scanning in 34 ms. Found 2 JPA repository interfaces.
2024 [main] INFO  o.s.b.w.e.tomcat.TomcatWebServer - Tomcat initialized with port(s): 8080 (http)
2032 [main] INFO  o.a.coyote.http11.Http11NioProtocol - Initializing ProtocolHandler ["http-nio-8080"]
2032 [main] INFO  o.a.catalina.core.StandardService - Starting service [Tomcat]
2033 [main] INFO  o.a.catalina.core.StandardEngine - Starting Servlet engine: [Apache Tomcat/10.1.8]
2099 [main] INFO  o.a.c.c.C.[Tomcat].[localhost].[/] - Initializing Spring embedded WebApplicationContext
2099 [main] INFO  o.s.b.w.s.c.ServletWebServerApplicationContext - Root WebApplicationContext: initialization completed in 1345 ms
2256 [main] INFO  com.zaxxer.hikari.HikariDataSource - HikariPool-1 - Starting...
2429 [main] INFO  com.zaxxer.hikari.pool.HikariPool - HikariPool-1 - Added connection org.postgresql.jdbc.PgConnection@2a5abd3c
2429 [main] INFO  com.zaxxer.hikari.HikariDataSource - HikariPool-1 - Start completed.
2467 [main] INFO  o.h.jpa.internal.util.LogHelper - HHH000204: Processing PersistenceUnitInfo [name: default]
2540 [main] INFO  org.hibernate.Version - HHH000412: Hibernate ORM core version 6.1.7.Final
2879 [main] INFO  SQL dialect - HHH000400: Using dialect: org.hibernate.dialect.PostgreSQLDialect
3462 [main] INFO  o.h.e.t.j.p.i.JtaPlatformInitiator - HHH000490: Using JtaPlatform implementation: [org.hibernate.engine.transaction.jta.platform.internal.NoJtaPlatform]
3471 [main] INFO  o.s.o.j.LocalContainerEntityManagerFactoryBean - Initialized JPA EntityManagerFactory for persistence unit 'default'
3747 [main] WARN  o.s.b.a.o.j.JpaBaseConfiguration$JpaWebConfiguration - spring.jpa.open-in-view is enabled by default. Therefore, database queries may be performed during view rendering. Explicitly configure spring.jpa.open-in-view to disable this warning
4078 [main] INFO  o.s.b.a.e.web.EndpointLinksResolver - Exposing 1 endpoint(s) beneath base path '/actuator'
4121 [main] INFO  o.a.coyote.http11.Http11NioProtocol - Starting ProtocolHandler ["http-nio-8080"]
4135 [main] INFO  o.s.b.w.e.tomcat.TomcatWebServer - Tomcat started on port(s): 8080 (http) with context path ''
4142 [main] INFO  c.e.j.Java3semSpringMvcApplication - Started Java3semSpringMvcApplication in 3.812 seconds (process running for 5.567)
33267 [http-nio-8080-exec-1] INFO  o.a.c.c.C.[Tomcat].[localhost].[/] - Initializing Spring DispatcherServlet 'dispatcherServlet'
33268 [http-nio-8080-exec-1] INFO  o.s.web.servlet.DispatcherServlet - Initializing Servlet 'dispatcherServlet'
33268 [http-nio-8080-exec-1] INFO  o.s.web.servlet.DispatcherServlet - Completed initialization in 0 ms
35362 [http-nio-8080-exec-2] INFO  c.e.j.services.StudentService - Students filtered by all null: returning all
46604 [SpringApplicationShutdownHook] INFO  o.s.o.j.LocalContainerEntityManagerFactoryBean - Closing JPA EntityManagerFactory for persistence unit 'default'
46605 [SpringApplicationShutdownHook] INFO  com.zaxxer.hikari.HikariDataSource - HikariPool-1 - Shutdown initiated...
46607 [SpringApplicationShutdownHook] INFO  com.zaxxer.hikari.HikariDataSource - HikariPool-1 - Shutdown completed.
360  [background-preinit] INFO  o.h.validator.internal.util.Version - HV000001: Hibernate Validator 8.0.0.Final
382  [main] INFO  c.e.j.Java3semSpringMvcApplication - Starting Java3semSpringMvcApplication using Java 19 with PID 18292 (C:\Users\max32\IdeaProjects\Java_3sem_spring_mvc\build\classes\java\main started by max32 in C:\Users\max32\IdeaProjects\Java_3sem_spring_mvc)
382  [main] INFO  c.e.j.Java3semSpringMvcApplication - No active profile set, falling back to 1 default profile: "default"
704  [main] INFO  o.s.d.r.c.RepositoryConfigurationDelegate - Bootstrapping Spring Data JPA repositories in DEFAULT mode.
731  [main] INFO  o.s.d.r.c.RepositoryConfigurationDelegate - Finished Spring Data repository scanning in 23 ms. Found 2 JPA repository interfaces.
1171 [main] INFO  o.s.b.w.e.tomcat.TomcatWebServer - Tomcat initialized with port(s): 8080 (http)
1176 [main] INFO  o.a.coyote.http11.Http11NioProtocol - Initializing ProtocolHandler ["http-nio-8080"]
1176 [main] INFO  o.a.catalina.core.StandardService - Starting service [Tomcat]
1177 [main] INFO  o.a.catalina.core.StandardEngine - Starting Servlet engine: [Apache Tomcat/10.1.8]
1242 [main] INFO  o.a.c.c.C.[Tomcat].[localhost].[/] - Initializing Spring embedded WebApplicationContext
1242 [main] INFO  o.s.b.w.s.c.ServletWebServerApplicationContext - Root WebApplicationContext: initialization completed in 831 ms
1350 [main] INFO  com.zaxxer.hikari.HikariDataSource - HikariPool-1 - Starting...
1462 [main] INFO  com.zaxxer.hikari.pool.HikariPool - HikariPool-1 - Added connection org.postgresql.jdbc.PgConnection@7f42b194
1463 [main] INFO  com.zaxxer.hikari.HikariDataSource - HikariPool-1 - Start completed.
1485 [main] INFO  o.h.jpa.internal.util.LogHelper - HHH000204: Processing PersistenceUnitInfo [name: default]
1509 [main] INFO  org.hibernate.Version - HHH000412: Hibernate ORM core version 6.1.7.Final
1672 [main] INFO  SQL dialect - HHH000400: Using dialect: org.hibernate.dialect.PostgreSQLDialect
2141 [main] INFO  o.h.e.t.j.p.i.JtaPlatformInitiator - HHH000490: Using JtaPlatform implementation: [org.hibernate.engine.transaction.jta.platform.internal.NoJtaPlatform]
2147 [main] INFO  o.s.o.j.LocalContainerEntityManagerFactoryBean - Initialized JPA EntityManagerFactory for persistence unit 'default'
2349 [main] WARN  o.s.b.a.o.j.JpaBaseConfiguration$JpaWebConfiguration - spring.jpa.open-in-view is enabled by default. Therefore, database queries may be performed during view rendering. Explicitly configure spring.jpa.open-in-view to disable this warning
2600 [main] INFO  o.s.b.a.e.web.EndpointLinksResolver - Exposing 1 endpoint(s) beneath base path '/actuator'
2631 [main] INFO  o.a.coyote.http11.Http11NioProtocol - Starting ProtocolHandler ["http-nio-8080"]
2652 [main] INFO  o.s.b.w.e.tomcat.TomcatWebServer - Tomcat started on port(s): 8080 (http) with context path ''
2660 [main] INFO  c.e.j.Java3semSpringMvcApplication - Started Java3semSpringMvcApplication in 2.49 seconds (process running for 2.917)
6869 [http-nio-8080-exec-1] INFO  o.a.c.c.C.[Tomcat].[localhost].[/] - Initializing Spring DispatcherServlet 'dispatcherServlet'
6869 [http-nio-8080-exec-1] INFO  o.s.web.servlet.DispatcherServlet - Initializing Servlet 'dispatcherServlet'
6871 [http-nio-8080-exec-1] INFO  o.s.web.servlet.DispatcherServlet - Completed initialization in 2 ms
6907 [http-nio-8080-exec-1] INFO  c.e.j.services.StudentService - Студенты выведены без фильтра
20982 [http-nio-8080-exec-3] INFO  c.e.j.services.StudentService - Студенты выведены без фильтра
33516 [http-nio-8080-exec-4] INFO  c.e.j.services.StudentService - Зайшли на страничку студента по id=: 11
40117 [http-nio-8080-exec-6] INFO  c.e.j.services.StudentService - Студенты выведены без фильтра
42722 [http-nio-8080-exec-10] INFO  c.e.j.services.StudentService - Зайшли на страничку студента по id=: 12
43819 [http-nio-8080-exec-7] INFO  c.e.j.services.StudentService - Студенты выведены без фильтра
55100 [http-nio-8080-exec-9] INFO  c.e.j.services.StudentService - Студент создан
55134 [http-nio-8080-exec-2] INFO  c.e.j.services.StudentService - Студенты выведены без фильтра
62564 [http-nio-8080-exec-1] INFO  c.e.j.services.StudentService - Зайшли на страничку студента по id=: 18
63391 [http-nio-8080-exec-3] INFO  c.e.j.services.StudentService - Студент удалён по id: 18
63419 [http-nio-8080-exec-4] INFO  c.e.j.services.StudentService - Студенты выведены без фильтра
83336 [http-nio-8080-exec-7] INFO  c.e.j.services.GroupService - Группы выведены без фильтра
86011 [http-nio-8080-exec-5] INFO  c.e.j.services.GroupService - Зайшли в группу по id=: 8
86941 [http-nio-8080-exec-8] INFO  c.e.j.services.GroupService - Группа удалена id=: 8
86960 [http-nio-8080-exec-9] INFO  c.e.j.services.GroupService - Группы выведены без фильтра
88470 [http-nio-8080-exec-2] INFO  c.e.j.services.GroupService - Зайшли в группу по id=: 7
89298 [http-nio-8080-exec-1] INFO  c.e.j.services.GroupService - Группы выведены без фильтра
95287 [SpringApplicationShutdownHook] INFO  o.s.o.j.LocalContainerEntityManagerFactoryBean - Closing JPA EntityManagerFactory for persistence unit 'default'
95288 [SpringApplicationShutdownHook] INFO  com.zaxxer.hikari.HikariDataSource - HikariPool-1 - Shutdown initiated...
95289 [SpringApplicationShutdownHook] INFO  com.zaxxer.hikari.HikariDataSource - HikariPool-1 - Shutdown completed.
